31/01/24 20:06:26 - DEBUG - urllib3.connectionpool - [_new_conn]: Starting new HTTPS connection (1): raw.githubusercontent.com:443
31/01/24 20:06:26 - DEBUG - urllib3.connectionpool - [_make_request]: https://raw.githubusercontent.com:443 "GET /rdavydov/Twitch-Channel-Points-Miner-v2/master/TwitchChannelPointsMiner/__init__.py HTTP/1.1" 200 125
31/01/24 20:06:26 - INFO - TwitchChannelPointsMiner.TwitchChannelPointsMiner - [__init__]: Twitch Channel Points Miner v2-1.9.1 (fork by rdavydov)
31/01/24 20:06:26 - INFO - TwitchChannelPointsMiner.TwitchChannelPointsMiner - [__init__]: https://github.com/rdavydov/Twitch-Channel-Points-Miner-v2
31/01/24 20:06:26 - INFO - TwitchChannelPointsMiner.TwitchChannelPointsMiner - [__init__]: You are running version 1.9.1 of this script
31/01/24 20:06:26 - INFO - TwitchChannelPointsMiner.TwitchChannelPointsMiner - [__init__]: The latest version on GitHub is 1.9.3
31/01/24 20:06:26 - INFO - TwitchChannelPointsMiner.TwitchChannelPointsMiner - [run]: Start session: '43772587-d02c-469b-b22e-0ccbb85efca6'
31/01/24 20:06:26 - INFO - TwitchChannelPointsMiner.classes.TwitchLogin - [login_flow]: You'll have to login to Twitch!
31/01/24 20:06:26 - INFO - TwitchChannelPointsMiner.classes.TwitchLogin - [login_flow]: Trying the TV login method..
31/01/24 20:06:26 - DEBUG - urllib3.connectionpool - [_new_conn]: Starting new HTTPS connection (1): id.twitch.tv:443
31/01/24 20:06:28 - DEBUG - urllib3.connectionpool - [_make_request]: https://id.twitch.tv:443 "POST /oauth2/device HTTP/1.1" 200 164
31/01/24 20:06:28 - INFO - TwitchChannelPointsMiner.classes.TwitchLogin - [login_flow]: Open https://www.twitch.tv/activate
31/01/24 20:06:28 - INFO - TwitchChannelPointsMiner.classes.TwitchLogin - [login_flow]: and enter this code: FXBMDWHV
31/01/24 20:06:28 - INFO - TwitchChannelPointsMiner.classes.TwitchLogin - [login_flow]: Hurry up! It will expire in 30 minutes!
31/01/24 20:06:33 - DEBUG - urllib3.connectionpool - [_make_request]: https://id.twitch.tv:443 "POST /oauth2/token HTTP/1.1" 400 49
31/01/24 20:06:38 - DEBUG - urllib3.connectionpool - [_make_request]: https://id.twitch.tv:443 "POST /oauth2/token HTTP/1.1" 400 49
31/01/24 20:06:43 - DEBUG - urllib3.connectionpool - [_make_request]: https://id.twitch.tv:443 "POST /oauth2/token HTTP/1.1" 400 49
31/01/24 20:06:49 - DEBUG - urllib3.connectionpool - [_make_request]: https://id.twitch.tv:443 "POST /oauth2/token HTTP/1.1" 400 49
31/01/24 20:06:54 - DEBUG - urllib3.connectionpool - [_make_request]: https://id.twitch.tv:443 "POST /oauth2/token HTTP/1.1" 400 49
31/01/24 20:06:59 - DEBUG - urllib3.connectionpool - [_make_request]: https://id.twitch.tv:443 "POST /oauth2/token HTTP/1.1" 200 248
31/01/24 20:06:59 - DEBUG - urllib3.connectionpool - [_new_conn]: Starting new HTTPS connection (1): gql.twitch.tv:443
31/01/24 20:07:00 - DEBUG - urllib3.connectionpool - [_make_request]: https://gql.twitch.tv:443 "POST /gql HTTP/1.1" 200 208
31/01/24 20:07:00 - INFO - TwitchChannelPointsMiner.classes.TwitchLogin - [save_cookies]: Saving cookies to your computer..
31/01/24 20:07:00 - INFO - TwitchChannelPointsMiner.TwitchChannelPointsMiner - [run]: Loading data for 7 streamers. Please wait...
31/01/24 20:07:00 - DEBUG - urllib3.connectionpool - [_new_conn]: Starting new HTTPS connection (1): www.twitch.tv:443
31/01/24 20:07:01 - DEBUG - urllib3.connectionpool - [_make_request]: https://www.twitch.tv:443 "GET / HTTP/1.1" 200 None
31/01/24 20:07:01 - DEBUG - TwitchChannelPointsMiner.classes.Twitch - [update_client_version]: Client version: 143498de-0935-4747-baf7-6fd6019e1573
31/01/24 20:07:01 - DEBUG - urllib3.connectionpool - [_new_conn]: Starting new HTTPS connection (1): gql.twitch.tv:443
31/01/24 20:07:01 - DEBUG - urllib3.connectionpool - [_make_request]: https://gql.twitch.tv:443 "POST /gql HTTP/1.1" 200 204
31/01/24 20:07:01 - DEBUG - TwitchChannelPointsMiner.classes.Twitch - [post_gql_request]: Data: {'operationName': 'ReportMenuItem', 'extensions': {'persistedQuery': {'version': 1, 'sha256Hash': '8f3628981255345ca5e5453dfd844efffb01d6413a9931498836e6268692a30c'}}, 'variables': {'channelLogin': 'pimpcs'}}, Status code: 200, Content: {"data":{"requestInfo":{"countryCode":"BR","__typename":"RequestInfo"},"user":{"id":"37799181","stream":null,"__typename":"User"}},"extensions":{"durationMilliseconds":52,"operationName":"ReportMenuItem","requestID":"01HNGWD6BR2F9D4858Q2JAF7D3"}}
31/01/24 20:07:02 - DEBUG - urllib3.connectionpool - [_new_conn]: Starting new HTTPS connection (1): www.twitch.tv:443
31/01/24 20:07:02 - DEBUG - urllib3.connectionpool - [_make_request]: https://www.twitch.tv:443 "GET / HTTP/1.1" 200 None
31/01/24 20:07:03 - DEBUG - TwitchChannelPointsMiner.classes.Twitch - [update_client_version]: Client version: 143498de-0935-4747-baf7-6fd6019e1573
31/01/24 20:07:03 - DEBUG - urllib3.connectionpool - [_new_conn]: Starting new HTTPS connection (1): gql.twitch.tv:443
31/01/24 20:07:04 - DEBUG - urllib3.connectionpool - [_make_request]: https://gql.twitch.tv:443 "POST /gql HTTP/1.1" 200 206
31/01/24 20:07:04 - DEBUG - TwitchChannelPointsMiner.classes.Twitch - [post_gql_request]: Data: {'operationName': 'ReportMenuItem', 'extensions': {'persistedQuery': {'version': 1, 'sha256Hash': '8f3628981255345ca5e5453dfd844efffb01d6413a9931498836e6268692a30c'}}, 'variables': {'channelLogin': 'lobanjicaa'}}, Status code: 200, Content: {"data":{"requestInfo":{"countryCode":"BR","__typename":"RequestInfo"},"user":{"id":"126902046","stream":null,"__typename":"User"}},"extensions":{"durationMilliseconds":447,"operationName":"ReportMenuItem","requestID":"01HNGWD823SRYPB35M6HHW32T5"}}
31/01/24 20:07:04 - DEBUG - urllib3.connectionpool - [_new_conn]: Starting new HTTPS connection (1): www.twitch.tv:443
31/01/24 20:07:05 - DEBUG - urllib3.connectionpool - [_make_request]: https://www.twitch.tv:443 "GET / HTTP/1.1" 200 None
31/01/24 20:07:05 - DEBUG - TwitchChannelPointsMiner.classes.Twitch - [update_client_version]: Client version: 143498de-0935-4747-baf7-6fd6019e1573
31/01/24 20:07:05 - DEBUG - urllib3.connectionpool - [_new_conn]: Starting new HTTPS connection (1): gql.twitch.tv:443
31/01/24 20:07:05 - DEBUG - urllib3.connectionpool - [_make_request]: https://gql.twitch.tv:443 "POST /gql HTTP/1.1" 200 203
31/01/24 20:07:05 - DEBUG - TwitchChannelPointsMiner.classes.Twitch - [post_gql_request]: Data: {'operationName': 'ReportMenuItem', 'extensions': {'persistedQuery': {'version': 1, 'sha256Hash': '8f3628981255345ca5e5453dfd844efffb01d6413a9931498836e6268692a30c'}}, 'variables': {'channelLogin': 'olofmeister'}}, Status code: 200, Content: {"data":{"requestInfo":{"countryCode":"BR","__typename":"RequestInfo"},"user":{"id":"46717011","stream":null,"__typename":"User"}},"extensions":{"durationMilliseconds":75,"operationName":"ReportMenuItem","requestID":"01HNGWDA7YXF9QB01JBH9GQA1F"}}
31/01/24 20:07:06 - DEBUG - urllib3.connectionpool - [_new_conn]: Starting new HTTPS connection (1): www.twitch.tv:443
